INFO  Validating config
INFO  ==================================
  ███╗   ██╗███████╗██╗  ██╗████████╗
  ████╗  ██║██╔════╝╚██╗██╔╝╚══██╔══╝
  ██╔██╗ ██║█████╗   ╚███╔╝    ██║
  ██║╚██╗██║██╔══╝   ██╔██╗    ██║
  ██║ ╚████║███████╗██╔╝ ██╗   ██║
  ╚═╝  ╚═══╝╚══════╝╚═╝  ╚═╝   ╚═╝
========================================
NexT version 8.0.0-rc.4
Documentation: https://theme-next.js.org
========================================
INFO  Start processing
INFO  Hexo is running at http://localhost:4000 . Press Ctrl+C to stop.
INFO  See you again
INFO  Validating config
INFO  ==================================
  ███╗   ██╗███████╗██╗  ██╗████████╗
  ████╗  ██║██╔════╝╚██╗██╔╝╚══██╔══╝
  ██╔██╗ ██║█████╗   ╚███╔╝    ██║
  ██║╚██╗██║██╔══╝   ██╔██╗    ██║
  ██║ ╚████║███████╗██╔╝ ██╗   ██║
  ╚═╝  ╚═══╝╚══════╝╚═╝  ╚═╝   ╚═╝
========================================
NexT version 8.0.0-rc.4
Documentation: https://theme-next.js.org
========================================
INFO  Start processing
INFO  Hexo is running at http://localhost:4000 . Press Ctrl+C to stop.
(node:14108) Warning: Accessing non-existent property 'lineno' of module exports inside circular dependency
(Use `node --trace-warnings ...` to show where the warning was created)
(node:14108) Warning: Accessing non-existent property 'column' of module exports inside circular dependency
(node:14108) Warning: Accessing non-existent property 'filename' of module exports inside circular dependency
(node:14108) Warning: Accessing non-existent property 'lineno' of module exports inside circular dependency
(node:14108) Warning: Accessing non-existent property 'column' of module exports inside circular dependency
(node:14108) Warning: Accessing non-existent property 'filename' of module exports inside circular dependency
ERROR {
  err: YAMLException: bad indentation of a mapping entry at line 10, column 3:
        linux
        ^
      at generateError (/home/shadow/Documents/git/hexo/node_modules/js-yaml/lib/js-yaml/loader.js:167:10)
      at throwError (/home/shadow/Documents/git/hexo/node_modules/js-yaml/lib/js-yaml/loader.js:173:9)
      at readBlockMapping (/home/shadow/Documents/git/hexo/node_modules/js-yaml/lib/js-yaml/loader.js:1107:7)
      at composeNode (/home/shadow/Documents/git/hexo/node_modules/js-yaml/lib/js-yaml/loader.js:1359:12)
      at readDocument (/home/shadow/Documents/git/hexo/node_modules/js-yaml/lib/js-yaml/loader.js:1525:3)
      at loadDocuments (/home/shadow/Documents/git/hexo/node_modules/js-yaml/lib/js-yaml/loader.js:1588:5)
      at Object.load (/home/shadow/Documents/git/hexo/node_modules/js-yaml/lib/js-yaml/loader.js:1614:19)
      at parseYAML (/home/shadow/Documents/git/hexo/node_modules/hexo-front-matter/lib/front_matter.js:69:23)
      at parse (/home/shadow/Documents/git/hexo/node_modules/hexo-front-matter/lib/front_matter.js:50:12)
      at /home/shadow/Documents/git/hexo/node_modules/hexo/lib/plugins/processor/post.js:51:20
      at tryCatcher (/home/shadow/Documents/git/hexo/node_modules/bluebird/js/release/util.js:16:23)
      at Promise._settlePromiseFromHandler (/home/shadow/Documents/git/hexo/node_modules/bluebird/js/release/promise.js:544:35)
      at Promise._settlePromise (/home/shadow/Documents/git/hexo/node_modules/bluebird/js/release/promise.js:604:18)
      at Promise._settlePromise0 (/home/shadow/Documents/git/hexo/node_modules/bluebird/js/release/promise.js:649:10)
      at Promise._settlePromises (/home/shadow/Documents/git/hexo/node_modules/bluebird/js/release/promise.js:729:18)
      at Promise._fulfill (/home/shadow/Documents/git/hexo/node_modules/bluebird/js/release/promise.js:673:18)
      at PromiseArray._resolve (/home/shadow/Documents/git/hexo/node_modules/bluebird/js/release/promise_array.js:127:19)
      at PromiseArray._promiseFulfilled (/home/shadow/Documents/git/hexo/node_modules/bluebird/js/release/promise_array.js:145:14)
      at PromiseArray._iterate (/home/shadow/Documents/git/hexo/node_modules/bluebird/js/release/promise_array.js:115:31)
      at PromiseArray.init [as _init] (/home/shadow/Documents/git/hexo/node_modules/bluebird/js/release/promise_array.js:79:10)
      at Promise._settlePromise (/home/shadow/Documents/git/hexo/node_modules/bluebird/js/release/promise.js:601:21)
      at Promise._settlePromise0 (/home/shadow/Documents/git/hexo/node_modules/bluebird/js/release/promise.js:649:10) {
    reason: 'bad indentation of a mapping entry',
    mark: Mark {
      name: null,
      buffer: 'title: 定时任务\n' +
        'author: 余晖残影\n' +
        'tags: \n' +
        '  - 系统\n' +
        '  - linux\n' +
        '  - windows\n' +
        'categories: \n' +
        '  - 系统\n' +
        '  \n' +
        '  linux\n' +
        'description: Linux 定时任务记录\n' +
        'date: \n' +
        '\x00',
      position: 86,
      line: 9,
      column: 2
    }
  }
} Process failed: %s _posts/linuxtimetasks.md
